This is pdfTeX, Version 3.14159265-2.6-1.40.21 (TeX Live 2020/W32TeX) (preloaded format=pdflatex 2021.1.6)  15 NOV 2021 21:42
entering extended mode
 restricted \write18 enabled.
 file:line:error style messages enabled.
 %&-line parsing enabled.
**c:/Users/conno/Desktop/Stuff/LaTeX/MATH311/PWA_reflection.tex
(c:/Users/conno/Desktop/Stuff/LaTeX/MATH311/PWA_reflection.tex
LaTeX2e <2020-10-01> patch level 3
L3 programming layer <2020-12-07> xparse <2020-03-03> (c:/texlive/2020/texmf-dist/tex/latex/base/article.cls
Document Class: article 2020/04/10 v1.4m Standard LaTeX document class
(c:/texlive/2020/texmf-dist/tex/latex/base/size11.clo
File: size11.clo 2020/04/10 v1.4m Standard LaTeX file (size option)
)
\c@part=\count177
\c@section=\count178
\c@subsection=\count179
\c@subsubsection=\count180
\c@paragraph=\count181
\c@subparagraph=\count182
\c@figure=\count183
\c@table=\count184
\abovecaptionskip=\skip47
\belowcaptionskip=\skip48
\bibindent=\dimen138
) (c:/texlive/2020/texmf-dist/tex/latex/geometry/geometry.sty
Package: geometry 2020/01/02 v5.9 Page Geometry
 (c:/texlive/2020/texmf-dist/tex/latex/graphics/keyval.sty
Package: keyval 2014/10/28 v1.15 key=value parser (DPC)
\KV@toks@=\toks15
) (c:/texlive/2020/texmf-dist/tex/generic/iftex/ifvtex.sty
Package: ifvtex 2019/10/25 v1.7 ifvtex legacy package. Use iftex instead.
 (c:/texlive/2020/texmf-dist/tex/generic/iftex/iftex.sty
Package: iftex 2020/03/06 v1.0d TeX engine tests
))
\Gm@cnth=\count185
\Gm@cntv=\count186
\c@Gm@tempcnt=\count187
\Gm@bindingoffset=\dimen139
\Gm@wd@mp=\dimen140
\Gm@odd@mp=\dimen141
\Gm@even@mp=\dimen142
\Gm@layoutwidth=\dimen143
\Gm@layoutheight=\dimen144
\Gm@layouthoffset=\dimen145
\Gm@layoutvoffset=\dimen146
\Gm@dimlist=\toks16
) (c:/texlive/2020/texmf-dist/tex/latex/amsmath/amsmath.sty
Package: amsmath 2020/09/23 v2.17i AMS math features
\@mathmargin=\skip49

For additional information on amsmath, use the `?' option.
(c:/texlive/2020/texmf-dist/tex/latex/amsmath/amstext.sty
Package: amstext 2000/06/29 v2.01 AMS text
 (c:/texlive/2020/texmf-dist/tex/latex/amsmath/amsgen.sty
File: amsgen.sty 1999/11/30 v2.0 generic functions
\@emptytoks=\toks17
\ex@=\dimen147
)) (c:/texlive/2020/texmf-dist/tex/latex/amsmath/amsbsy.sty
Package: amsbsy 1999/11/29 v1.2d Bold Symbols
\pmbraise@=\dimen148
) (c:/texlive/2020/texmf-dist/tex/latex/amsmath/amsopn.sty
Package: amsopn 2016/03/08 v2.02 operator names
)
\inf@bad=\count188
LaTeX Info: Redefining \frac on input line 234.
\uproot@=\count189
\leftroot@=\count190
LaTeX Info: Redefining \overline on input line 399.
\classnum@=\count191
\DOTSCASE@=\count192
LaTeX Info: Redefining \ldots on input line 496.
LaTeX Info: Redefining \dots on input line 499.
LaTeX Info: Redefining \cdots on input line 620.
\Mathstrutbox@=\box47
\strutbox@=\box48
\big@size=\dimen149
LaTeX Font Info:    Redeclaring font encoding OML on input line 743.
LaTeX Font Info:    Redeclaring font encoding OMS on input line 744.
\macc@depth=\count193
\c@MaxMatrixCols=\count194
\dotsspace@=\muskip16
\c@parentequation=\count195
\dspbrk@lvl=\count196
\tag@help=\toks18
\row@=\count197
\column@=\count198
\maxfields@=\count199
\andhelp@=\toks19
\eqnshift@=\dimen150
\alignsep@=\dimen151
\tagshift@=\dimen152
\tagwidth@=\dimen153
\totwidth@=\dimen154
\lineht@=\dimen155
\@envbody=\toks20
\multlinegap=\skip50
\multlinetaggap=\skip51
\mathdisplay@stack=\toks21
LaTeX Info: Redefining \[ on input line 2923.
LaTeX Info: Redefining \] on input line 2924.
) (c:/texlive/2020/texmf-dist/tex/latex/amsfonts/amsfonts.sty
Package: amsfonts 2013/01/14 v3.01 Basic AMSFonts support
\symAMSa=\mathgroup4
\symAMSb=\mathgroup5
LaTeX Font Info:    Redeclaring math symbol \hbar on input line 98.
LaTeX Font Info:    Overwriting math alphabet `\mathfrak' in version `bold'
(Font)                  U/euf/m/n --> U/euf/b/n on input line 106.
) (c:/texlive/2020/texmf-dist/tex/latex/amsfonts/amssymb.sty
Package: amssymb 2013/01/14 v3.01 AMS font symbols
) (c:/texlive/2020/texmf-dist/tex/latex/amscls/amsthm.sty
Package: amsthm 2020/05/29 v2.20.6
\thm@style=\toks22
\thm@bodyfont=\toks23
\thm@headfont=\toks24
\thm@notefont=\toks25
\thm@headpunct=\toks26
\thm@preskip=\skip52
\thm@postskip=\skip53
\thm@headsep=\skip54
\dth@everypar=\toks27
) (c:/texlive/2020/texmf-dist/tex/latex/enumitem/enumitem.sty
Package: enumitem 2019/06/20 v3.9 Customized lists
\labelindent=\skip55
\enit@outerparindent=\dimen156
\enit@toks=\toks28
\enit@inbox=\box49
\enit@count@id=\count266
\enitdp@description=\count267
) (c:/texlive/2020/texmf-dist/tex/latex/cancel/cancel.sty
Package: cancel 2013/04/12 v2.2 Cancel math terms
) (c:/texlive/2020/texmf-dist/tex/latex/graphics/graphicx.sty
Package: graphicx 2020/09/09 v1.2b Enhanced LaTeX Graphics (DPC,SPQR)
 (c:/texlive/2020/texmf-dist/tex/latex/graphics/graphics.sty
Package: graphics 2020/08/30 v1.4c Standard LaTeX Graphics (DPC,SPQR)
 (c:/texlive/2020/texmf-dist/tex/latex/graphics/trig.sty
Package: trig 2016/01/03 v1.10 sin cos tan (DPC)
) (c:/texlive/2020/texmf-dist/tex/latex/graphics-cfg/graphics.cfg
File: graphics.cfg 2016/06/04 v1.11 sample graphics configuration
)
Package graphics Info: Driver file: pdftex.def on input line 105.
 (c:/texlive/2020/texmf-dist/tex/latex/graphics-def/pdftex.def
File: pdftex.def 2020/10/05 v1.2a Graphics/color driver for pdftex
))
\Gin@req@height=\dimen157
\Gin@req@width=\dimen158
) (c:/texlive/2020/texmf-dist/tex/latex/l3backend/l3backend-pdftex.def
File: l3backend-pdftex.def 2020-09-24 L3 backend support: PDF output (pdfTeX)
\l__kernel_color_stack_int=\count268
\l__pdf_internal_box=\box50
) (c:/Users/conno/Desktop/Stuff/LaTeX/MATH311/PWA_reflection.aux)
\openout1 = `PWA_reflection.aux'.

LaTeX Font Info:    Checking defaults for OML/cmm/m/it on input line 11.
LaTeX Font Info:    ... okay on input line 11.
LaTeX Font Info:    Checking defaults for OMS/cmsy/m/n on input line 11.
LaTeX Font Info:    ... okay on input line 11.
LaTeX Font Info:    Checking defaults for OT1/cmr/m/n on input line 11.
LaTeX Font Info:    ... okay on input line 11.
LaTeX Font Info:    Checking defaults for T1/cmr/m/n on input line 11.
LaTeX Font Info:    ... okay on input line 11.
LaTeX Font Info:    Checking defaults for TS1/cmr/m/n on input line 11.
LaTeX Font Info:    ... okay on input line 11.
LaTeX Font Info:    Checking defaults for OMX/cmex/m/n on input line 11.
LaTeX Font Info:    ... okay on input line 11.
LaTeX Font Info:    Checking defaults for U/cmr/m/n on input line 11.
LaTeX Font Info:    ... okay on input line 11.

*geometry* driver: auto-detecting
*geometry* detected driver: pdftex
*geometry* verbose mode - [ preamble ] result:
* driver: pdftex
* paper: letterpaper
* layout: <same size as paper>
* layoutoffset:(h,v)=(0.0pt,0.0pt)
* modes: 
* h-part:(L,W,R)=(42.67912pt, 528.93675pt, 42.67912pt)
* v-part:(T,H,B)=(42.67912pt, 709.61174pt, 42.67912pt)
* \paperwidth=614.295pt
* \paperheight=794.96999pt
* \textwidth=528.93675pt
* \textheight=709.61174pt
* \oddsidemargin=-29.59087pt
* \evensidemargin=-29.59087pt
* \topmargin=-66.59087pt
* \headheight=12.0pt
* \headsep=25.0pt
* \topskip=11.0pt
* \footskip=30.0pt
* \marginparwidth=59.0pt
* \marginparsep=10.0pt
* \columnsep=10.0pt
* \skip\footins=10.0pt plus 4.0pt minus 2.0pt
* \hoffset=0.0pt
* \voffset=0.0pt
* \mag=1000
* \@twocolumnfalse
* \@twosidefalse
* \@mparswitchfalse
* \@reversemarginfalse
* (1in=72.27pt=25.4mm, 1cm=28.453pt)

(c:/texlive/2020/texmf-dist/tex/context/base/mkii/supp-pdf.mkii
[Loading MPS to PDF converter (version 2006.09.02).]
\scratchcounter=\count269
\scratchdimen=\dimen159
\scratchbox=\box51
\nofMPsegments=\count270
\nofMParguments=\count271
\everyMPshowfont=\toks29
\MPscratchCnt=\count272
\MPscratchDim=\dimen160
\MPnumerator=\count273
\makeMPintoPDFobject=\count274
\everyMPtoPDFconversion=\toks30
) (c:/texlive/2020/texmf-dist/tex/latex/epstopdf-pkg/epstopdf-base.sty
Package: epstopdf-base 2020-01-24 v2.11 Base part for package epstopdf
Package epstopdf-base Info: Redefining graphics rule for `.eps' on input line 485.
 (c:/texlive/2020/texmf-dist/tex/latex/latexconfig/epstopdf-sys.cfg
File: epstopdf-sys.cfg 2010/07/13 v1.3 Configuration of (r)epstopdf for TeX Live
))
LaTeX Font Info:    Trying to load font information for U+msa on input line 17.
 (c:/texlive/2020/texmf-dist/tex/latex/amsfonts/umsa.fd
File: umsa.fd 2013/01/14 v3.01 AMS symbols A
)
LaTeX Font Info:    Trying to load font information for U+msb on input line 17.
 (c:/texlive/2020/texmf-dist/tex/latex/amsfonts/umsb.fd
File: umsb.fd 2013/01/14 v3.01 AMS symbols B
)
<./images//topic1_proof.jpg, id=1, 353.82187pt x 525.46312pt>
File: ./images//topic1_proof.jpg Graphic file (type jpg)
<use ./images//topic1_proof.jpg>
Package pdftex.def Info: ./images//topic1_proof.jpg  used on input line 21.
(pdftex.def)             Requested size: 335.74251pt x 498.61786pt.
<./images//topic1_reply1.png, id=3, 566.86781pt x 191.9672pt>
File: ./images//topic1_reply1.png Graphic file (type png)
<use ./images//topic1_reply1.png>
Package pdftex.def Info: ./images//topic1_reply1.png  used on input line 24.
(pdftex.def)             Requested size: 341.43306pt x 115.62643pt.
 [1

{c:/texlive/2020/texmf-var/fonts/map/pdftex/updmap/pdftex.map} <c:/Users/conno/Desktop/Stuff/LaTeX/MATH311/./images//topic1_proof.jpg>]
<./images//topic1_reply2.png, id=14, 575.90157pt x 289.08pt>
File: ./images//topic1_reply2.png Graphic file (type png)
<use ./images//topic1_reply2.png>
Package pdftex.def Info: ./images//topic1_reply2.png  used on input line 27.
(pdftex.def)             Requested size: 341.43306pt x 171.38939pt.
 [2 <c:/Users/conno/Desktop/Stuff/LaTeX/MATH311/./images//topic1_reply1.png> <c:/Users/conno/Desktop/Stuff/LaTeX/MATH311/./images//topic1_reply2.png>]
<./images//topic2_proof.png, id=21, 542.77782pt x 348.55219pt>
File: ./images//topic2_proof.png Graphic file (type png)
<use ./images//topic2_proof.png>
Package pdftex.def Info: ./images//topic2_proof.png  used on input line 40.
(pdftex.def)             Requested size: 341.43306pt x 219.2646pt.
<./images//topic2_reply1.png, id=22, 566.86781pt x 237.88875pt>
File: ./images//topic2_reply1.png Graphic file (type png)
<use ./images//topic2_reply1.png>
Package pdftex.def Info: ./images//topic2_reply1.png  used on input line 43.
(pdftex.def)             Requested size: 341.43306pt x 143.28607pt.
<./images//topic2_reply2.png, id=23, 577.40718pt x 392.21532pt>
File: ./images//topic2_reply2.png Graphic file (type png)
<use ./images//topic2_reply2.png>
Package pdftex.def Info: ./images//topic2_reply2.png  used on input line 46.
(pdftex.def)             Requested size: 341.43306pt x 231.93169pt.
 [3 <c:/Users/conno/Desktop/Stuff/LaTeX/MATH311/./images//topic2_proof.png> <c:/Users/conno/Desktop/Stuff/LaTeX/MATH311/./images//topic2_reply1.png> <c:/Users/conno/Desktop/Stuff/LaTeX/MATH311/./images//topic2_reply2.png>] [4]
<./images//topic3_proof.png, id=33, 539.01375pt x 630.10406pt>
File: ./images//topic3_proof.png Graphic file (type png)
<use ./images//topic3_proof.png>
Package pdftex.def Info: ./images//topic3_proof.png  used on input line 61.
(pdftex.def)             Requested size: 341.43306pt x 399.14056pt.
<./images//topic3_reply1.png, id=34, 579.66562pt x 417.05812pt>
File: ./images//topic3_reply1.png Graphic file (type png)
<use ./images//topic3_reply1.png>
Package pdftex.def Info: ./images//topic3_reply1.png  used on input line 64.
(pdftex.def)             Requested size: 341.43306pt x 245.65488pt.
<./images//topic3_reply2.png, id=35, 570.63188pt x 409.53pt>
File: ./images//topic3_reply2.png Graphic file (type png)
<use ./images//topic3_reply2.png>
Package pdftex.def Info: ./images//topic3_reply2.png  used on input line 67.
(pdftex.def)             Requested size: 341.43306pt x 245.03876pt.
 [5 <c:/Users/conno/Desktop/Stuff/LaTeX/MATH311/./images//topic3_proof.png> <c:/Users/conno/Desktop/Stuff/LaTeX/MATH311/./images//topic3_reply1.png>] [6 <c:/Users/conno/Desktop/Stuff/LaTeX/MATH311/./images//topic3_reply2.png>]
<./images//topic4_proof.jpg, id=45, 534.49687pt x 414.79968pt>
File: ./images//topic4_proof.jpg Graphic file (type jpg)
<use ./images//topic4_proof.jpg>
Package pdftex.def Info: ./images//topic4_proof.jpg  used on input line 83.
(pdftex.def)             Requested size: 341.43306pt x 264.98354pt.
<./images//topic4_reply1.png, id=46, 574.39594pt x 248.42813pt>
File: ./images//topic4_reply1.png Graphic file (type png)
<use ./images//topic4_reply1.png>
Package pdftex.def Info: ./images//topic4_reply1.png  used on input line 86.
(pdftex.def)             Requested size: 341.43306pt x 147.67441pt.
<./images//topic4_reply2.png, id=47, 566.86781pt x 390.70969pt>
File: ./images//topic4_reply2.png Graphic file (type png)
<use ./images//topic4_reply2.png>
Package pdftex.def Info: ./images//topic4_reply2.png  used on input line 89.
(pdftex.def)             Requested size: 341.43306pt x 235.3338pt.
 [7 <c:/Users/conno/Desktop/Stuff/LaTeX/MATH311/./images//topic4_proof.jpg> <c:/Users/conno/Desktop/Stuff/LaTeX/MATH311/./images//topic4_reply1.png> <c:/Users/conno/Desktop/Stuff/LaTeX/MATH311/./images//topic4_reply2.png>] [8]
<./images//topic5_proof.jpg, id=58, 531.48563pt x 280.04625pt>
File: ./images//topic5_proof.jpg Graphic file (type jpg)
<use ./images//topic5_proof.jpg>
Package pdftex.def Info: ./images//topic5_proof.jpg  used on input line 107.
(pdftex.def)             Requested size: 341.43306pt x 179.9084pt.
<./images//topic5_reply1.png, id=59, 560.8453pt x 331.2375pt>
File: ./images//topic5_reply1.png Graphic file (type png)
<use ./images//topic5_reply1.png>
Package pdftex.def Info: ./images//topic5_reply1.png  used on input line 110.
(pdftex.def)             Requested size: 341.43306pt x 201.65022pt.
<./images//topic5_reply2.png, id=60, 578.16pt x 385.44pt>
File: ./images//topic5_reply2.png Graphic file (type png)
<use ./images//topic5_reply2.png>
Package pdftex.def Info: ./images//topic5_reply2.png  used on input line 113.
(pdftex.def)             Requested size: 341.43306pt x 227.61935pt.
 [9 <c:/Users/conno/Desktop/Stuff/LaTeX/MATH311/./images//topic5_proof.jpg> <c:/Users/conno/Desktop/Stuff/LaTeX/MATH311/./images//topic5_reply1.png> <c:/Users/conno/Desktop/Stuff/LaTeX/MATH311/./images//topic5_reply2.png>] [10] (c:/Users/conno/Desktop/Stuff/LaTeX/MATH311/PWA_reflection.aux) ) 
Here is how much of TeX's memory you used:
 3387 strings out of 479310
 48019 string characters out of 5871341
 328501 words of memory out of 5000000
 20547 multiletter control sequences out of 15000+600000
 409932 words of font info for 51 fonts, out of 8000000 for 9000
 1141 hyphenation exceptions out of 8191
 66i,6n,70p,287b,218s stack positions out of 5000i,500n,10000p,200000b,80000s
<c:/texlive/2020/texmf-dist/fonts/type1/public/amsfonts/cm/cmbx12.pfb><c:/texlive/2020/texmf-dist/fonts/type1/public/amsfonts/cm/cmr10.pfb><c:/texlive/2020/texmf-dist/fonts/type1/public/amsfonts/cm/cmr12.pfb><c:/texlive/2020/texmf-dist/fonts/type1/public/amsfonts/cm/cmr17.pfb><c:/texlive/2020/texmf-dist/fonts/type1/public/amsfonts/cm/cmti10.pfb>
Output written on c:/Users/conno/Desktop/Stuff/LaTeX/MATH311/PWA_reflection.pdf (10 pages, 2325502 bytes).
PDF statistics:
 87 PDF objects out of 1000 (max. 8388607)
 40 compressed objects within 1 object stream
 0 named destinations out of 1000 (max. 500000)
 76 words of extra memory for PDF output out of 10000 (max. 10000000)

